  ConsoleApplication1.cpp
C:\Users\lishy\source\repos\LabRab8\ConsoleApplication1\ConsoleApplication1.cpp(28,9): error C4996: 'scanf': This function or variable may be unsafe. Consider using scanf_s instead. To disable deprecation, use _CRT_SECURE_NO_WARNINGS. See online help for details.
C:\Users\lishy\source\repos\LabRab8\ConsoleApplication1\ConsoleApplication1.cpp(42,5): error C4996: 'scanf': This function or variable may be unsafe. Consider using scanf_s instead. To disable deprecation, use _CRT_SECURE_NO_WARNINGS. See online help for details.
C:\Users\lishy\source\repos\LabRab8\ConsoleApplication1\ConsoleApplication1.cpp(60,13): error C4996: 'strcpy': This function or variable may be unsafe. Consider using strcpy_s instead. To disable deprecation, use _CRT_SECURE_NO_WARNINGS. See online help for details.
C:\Users\lishy\source\repos\LabRab8\ConsoleApplication1\ConsoleApplication1.cpp(61,13): error C4996: 'strcpy': This function or variable may be unsafe. Consider using strcpy_s instead. To disable deprecation, use _CRT_SECURE_NO_WARNINGS. See online help for details.
C:\Users\lishy\source\repos\LabRab8\ConsoleApplication1\ConsoleApplication1.cpp(66,9): error C4996: 'scanf': This function or variable may be unsafe. Consider using scanf_s instead. To disable deprecation, use _CRT_SECURE_NO_WARNINGS. See online help for details.
C:\Users\lishy\source\repos\LabRab8\ConsoleApplication1\ConsoleApplication1.cpp(68,9): error C4996: 'scanf': This function or variable may be unsafe. Consider using scanf_s instead. To disable deprecation, use _CRT_SECURE_NO_WARNINGS. See online help for details.
C:\Users\lishy\source\repos\LabRab8\ConsoleApplication1\ConsoleApplication1.cpp(70,9): error C4996: 'scanf': This function or variable may be unsafe. Consider using scanf_s instead. To disable deprecation, use _CRT_SECURE_NO_WARNINGS. See online help for details.
C:\Users\lishy\source\repos\LabRab8\ConsoleApplication1\ConsoleApplication1.cpp(72,9): error C4996: 'scanf': This function or variable may be unsafe. Consider using scanf_s instead. To disable deprecation, use _CRT_SECURE_NO_WARNINGS. See online help for details.
C:\Users\lishy\source\repos\LabRab8\ConsoleApplication1\ConsoleApplication1.cpp(74,9): error C4996: 'scanf': This function or variable may be unsafe. Consider using scanf_s instead. To disable deprecation, use _CRT_SECURE_NO_WARNINGS. See online help for details.
C:\Users\lishy\source\repos\LabRab8\ConsoleApplication1\ConsoleApplication1.cpp(77,9): error C4996: 'getch': The POSIX name for this item is deprecated. Instead, use the ISO C and C++ conformant name: _getch. See online help for details.
C:\Users\lishy\source\repos\LabRab8\ConsoleApplication1\ConsoleApplication1.cpp(91,9): error C4996: 'scanf': This function or variable may be unsafe. Consider using scanf_s instead. To disable deprecation, use _CRT_SECURE_NO_WARNINGS. See online help for details.
C:\Users\lishy\source\repos\LabRab8\ConsoleApplication1\ConsoleApplication1.cpp(93,9): error C4996: 'scanf': This function or variable may be unsafe. Consider using scanf_s instead. To disable deprecation, use _CRT_SECURE_NO_WARNINGS. See online help for details.
C:\Users\lishy\source\repos\LabRab8\ConsoleApplication1\ConsoleApplication1.cpp(95,9): error C4996: 'scanf': This function or variable may be unsafe. Consider using scanf_s instead. To disable deprecation, use _CRT_SECURE_NO_WARNINGS. See online help for details.
C:\Users\lishy\source\repos\LabRab8\ConsoleApplication1\ConsoleApplication1.cpp(97,9): error C4996: 'scanf': This function or variable may be unsafe. Consider using scanf_s instead. To disable deprecation, use _CRT_SECURE_NO_WARNINGS. See online help for details.
C:\Users\lishy\source\repos\LabRab8\ConsoleApplication1\ConsoleApplication1.cpp(99,9): error C4996: 'scanf': This function or variable may be unsafe. Consider using scanf_s instead. To disable deprecation, use _CRT_SECURE_NO_WARNINGS. See online help for details.
C:\Users\lishy\source\repos\LabRab8\ConsoleApplication1\ConsoleApplication1.cpp(115,12): warning C4566: символ, представленный универсальным именем символа "\u2554", невозможно представить в текущей кодовой странице (1251)
C:\Users\lishy\source\repos\LabRab8\ConsoleApplication1\ConsoleApplication1.cpp(115,12): warning C4566: символ, представленный универсальным именем символа "\u2550", невозможно представить в текущей кодовой странице (1251)
C:\Users\lishy\source\repos\LabRab8\ConsoleApplication1\ConsoleApplication1.cpp(115,12): warning C4566: символ, представленный универсальным именем символа "\u2566", невозможно представить в текущей кодовой странице (1251)
C:\Users\lishy\source\repos\LabRab8\ConsoleApplication1\ConsoleApplication1.cpp(115,12): warning C4566: символ, представленный универсальным именем символа "\u2557", невозможно представить в текущей кодовой странице (1251)
C:\Users\lishy\source\repos\LabRab8\ConsoleApplication1\ConsoleApplication1.cpp(116,12): warning C4566: символ, представленный универсальным именем символа "\u2551", невозможно представить в текущей кодовой странице (1251)
C:\Users\lishy\source\repos\LabRab8\ConsoleApplication1\ConsoleApplication1.cpp(117,12): warning C4566: символ, представленный универсальным именем символа "\u2560", невозможно представить в текущей кодовой странице (1251)
C:\Users\lishy\source\repos\LabRab8\ConsoleApplication1\ConsoleApplication1.cpp(117,12): warning C4566: символ, представленный универсальным именем символа "\u2550", невозможно представить в текущей кодовой странице (1251)
C:\Users\lishy\source\repos\LabRab8\ConsoleApplication1\ConsoleApplication1.cpp(117,12): warning C4566: символ, представленный универсальным именем символа "\u256C", невозможно представить в текущей кодовой странице (1251)
C:\Users\lishy\source\repos\LabRab8\ConsoleApplication1\ConsoleApplication1.cpp(117,12): warning C4566: символ, представленный универсальным именем символа "\u2563", невозможно представить в текущей кодовой странице (1251)
C:\Users\lishy\source\repos\LabRab8\ConsoleApplication1\ConsoleApplication1.cpp(119,16): warning C4566: символ, представленный универсальным именем символа "\u2551", невозможно представить в текущей кодовой странице (1251)
C:\Users\lishy\source\repos\LabRab8\ConsoleApplication1\ConsoleApplication1.cpp(122,12): warning C4566: символ, представленный универсальным именем символа "\u255A", невозможно представить в текущей кодовой странице (1251)
C:\Users\lishy\source\repos\LabRab8\ConsoleApplication1\ConsoleApplication1.cpp(122,12): warning C4566: символ, представленный универсальным именем символа "\u2550", невозможно представить в текущей кодовой странице (1251)
C:\Users\lishy\source\repos\LabRab8\ConsoleApplication1\ConsoleApplication1.cpp(122,12): warning C4566: символ, представленный универсальным именем символа "\u2569", невозможно представить в текущей кодовой странице (1251)
C:\Users\lishy\source\repos\LabRab8\ConsoleApplication1\ConsoleApplication1.cpp(122,12): warning C4566: символ, представленный универсальным именем символа "\u255D", невозможно представить в текущей кодовой странице (1251)
C:\Users\lishy\source\repos\LabRab8\ConsoleApplication1\ConsoleApplication1.cpp(133,5): error C4996: 'scanf': This function or variable may be unsafe. Consider using scanf_s instead. To disable deprecation, use _CRT_SECURE_NO_WARNINGS. See online help for details.
C:\Users\lishy\source\repos\LabRab8\ConsoleApplication1\ConsoleApplication1.cpp(142,17): error C4996: 'strcpy': This function or variable may be unsafe. Consider using strcpy_s instead. To disable deprecation, use _CRT_SECURE_NO_WARNINGS. See online help for details.
C:\Users\lishy\source\repos\LabRab8\ConsoleApplication1\ConsoleApplication1.cpp(143,17): error C4996: 'strcpy': This function or variable may be unsafe. Consider using strcpy_s instead. To disable deprecation, use _CRT_SECURE_NO_WARNINGS. See online help for details.
C:\Users\lishy\source\repos\LabRab8\ConsoleApplication1\ConsoleApplication1.cpp(180,5): error C4996: 'getch': The POSIX name for this item is deprecated. Instead, use the ISO C and C++ conformant name: _getch. See online help for details.
