c:\users\lishy\source\repos\labrab5\task1\x64\debug\vc143.pdb
c:\users\lishy\source\repos\labrab5\task1\x64\debug\vc143.idb
c:\users\lishy\source\repos\labrab5\task1\x64\debug\task1.obj
c:\users\lishy\source\repos\labrab5\task1\x64\debug\task1.ilk
c:\users\lishy\source\repos\labrab5\task1\x64\debug\task1.exe
c:\users\lishy\source\repos\labrab5\task1\x64\debug\task1.pdb
c:\users\lishy\source\repos\labrab5\task1\x64\debug\task3-test.ilk
c:\users\lishy\source\repos\labrab5\task1\x64\debug\task4-test.ilk
c:\users\lishy\source\repos\labrab5\task1\x64\debug\task5-test1.ilk
c:\users\lishy\source\repos\labrab5\task1\x64\debug\dll1.exp
c:\users\lishy\source\repos\labrab5\task1\x64\debug\dll1.pdb
c:\users\lishy\source\repos\labrab5\task1\x64\debug\gtest.pdb
c:\users\lishy\source\repos\labrab5\task1\x64\debug\gtest_main.pdb
c:\users\lishy\source\repos\labrab5\task1\x64\debug\task2.pdb
c:\users\lishy\source\repos\labrab5\task1\x64\debug\task3-test.pdb
c:\users\lishy\source\repos\labrab5\task1\x64\debug\task3.pdb
c:\users\lishy\source\repos\labrab5\task1\x64\debug\task4-test.pdb
c:\users\lishy\source\repos\labrab5\task1\x64\debug\task4.pdb
c:\users\lishy\source\repos\labrab5\task1\x64\debug\task5-test1.pdb
c:\users\lishy\source\repos\labrab5\task1\x64\debug\task5.pdb
c:\users\lishy\source\repos\labrab5\task1\x64\debug\task1.tlog\cl.command.1.tlog
c:\users\lishy\source\repos\labrab5\task1\x64\debug\task1.tlog\cl.read.1.tlog
c:\users\lishy\source\repos\labrab5\task1\x64\debug\task1.tlog\cl.write.1.tlog
c:\users\lishy\source\repos\labrab5\task1\x64\debug\task1.tlog\link.command.1.tlog
c:\users\lishy\source\repos\labrab5\task1\x64\debug\task1.tlog\link.read.1.tlog
c:\users\lishy\source\repos\labrab5\task1\x64\debug\task1.tlog\link.write.1.tlog
